15:09:07.267 [main] INFO  factory.BaseClass - Navigating to the home page
15:09:07.342 [main] INFO  factory.BaseClass - ****Entering the city****
15:09:11.679 [main] INFO  factory.BaseClass - ****Selecting from the city dropdown****
15:09:15.055 [main] INFO  factory.BaseClass - ****Entering 	the speciality****
15:09:24.308 [main] INFO  factory.BaseClass - ****Selecting from the speciality dropdown****
15:09:32.027 [main] INFO  factory.BaseClass - user applying the filters
15:09:32.036 [main] INFO  factory.BaseClass - ****Selecting review filter****
15:09:35.540 [main] INFO  factory.BaseClass - ****Selecting experience filter****
15:09:40.154 [main] INFO  factory.BaseClass - ****Selecting price filter****
15:09:43.878 [main] INFO  factory.BaseClass - ****Selecting availability filter****
15:09:47.401 [main] INFO  factory.BaseClass - ****Selecting sort by filter****
15:09:56.390 [main] INFO  factory.BaseClass - Fetching the details of the doctors
15:09:56.941 [main] INFO  factory.BaseClass - Doctor: 1
15:10:01.904 [main] INFO  factory.BaseClass - Doctor: 2
15:10:06.195 [main] INFO  factory.BaseClass - Doctor: 3
15:10:09.984 [main] INFO  factory.BaseClass - Doctor: 4
15:10:13.907 [main] INFO  factory.BaseClass - Doctor: 5
15:11:25.125 [main] INFO  factory.BaseClass - ****Inspecting the surgery page****
15:12:55.003 [main] INFO  factory.BaseClass - ****Inspecting the health and wellness form under for corporate section****
15:13:04.954 [main] INFO  factory.BaseClass - ****Entering the name****
15:13:05.435 [main] INFO  factory.BaseClass - ****Entering the organization name****
15:13:05.837 [main] INFO  factory.BaseClass - ****Entering the number****
15:13:06.227 [main] INFO  factory.BaseClass - ****Entering the official E-Mail****
15:13:07.052 [main] INFO  factory.BaseClass - ****Selecting the organization size****
15:13:07.974 [main] INFO  factory.BaseClass - ****Selecting the Interested in section****
15:14:27.853 [main] INFO  factory.BaseClass - ****Inspecting the health and wellness form under for corporate section****
15:14:42.189 [main] INFO  factory.BaseClass - ****Entering the name****
15:14:42.644 [main] INFO  factory.BaseClass - ****Entering the organization name****
15:14:43.107 [main] INFO  factory.BaseClass - ****Entering the number****
15:14:43.514 [main] INFO  factory.BaseClass - ****Entering the official E-Mail****
15:14:43.918 [main] INFO  factory.BaseClass - ****Selecting the organization size****
15:14:44.496 [main] INFO  factory.BaseClass - ****Selecting the Interested in section****
15:16:00.778 [main] INFO  factory.BaseClass - ****Inspecting the health and wellness form under for corporate section****
15:16:10.390 [main] INFO  factory.BaseClass - ****Entering the name****
15:16:10.832 [main] INFO  factory.BaseClass - ****Entering the organization name****
15:16:11.198 [main] INFO  factory.BaseClass - ****Entering the number****
15:16:11.501 [main] INFO  factory.BaseClass - ****Entering the official E-Mail****
15:16:11.895 [main] INFO  factory.BaseClass - ****Selecting the organization size****
15:16:12.401 [main] INFO  factory.BaseClass - ****Selecting the Interested in section****
15:16:13.649 [main] INFO  factory.BaseClass - ****Submit button****
15:16:15.343 [main] INFO  factory.BaseClass - ****Validating the 'THANK YOU' message****
15:29:18.170 [main] INFO  factory.BaseClass - Navigating to the home page
15:29:18.248 [main] INFO  factory.BaseClass - ****Entering the city****
15:29:23.641 [main] INFO  factory.BaseClass - ****Selecting from the city dropdown****
15:29:27.034 [main] INFO  factory.BaseClass - ****Entering 	the speciality****
15:29:36.238 [main] INFO  factory.BaseClass - ****Selecting from the speciality dropdown****
15:29:43.242 [main] INFO  factory.BaseClass - user applying the filters
15:29:43.247 [main] INFO  factory.BaseClass - ****Selecting review filter****
15:29:46.716 [main] INFO  factory.BaseClass - ****Selecting experience filter****
15:29:50.568 [main] INFO  factory.BaseClass - ****Selecting price filter****
15:29:54.107 [main] INFO  factory.BaseClass - ****Selecting availability filter****
15:29:58.192 [main] INFO  factory.BaseClass - ****Selecting sort by filter****
15:30:06.972 [main] INFO  factory.BaseClass - Fetching the details of the doctors
15:30:07.237 [main] INFO  factory.BaseClass - Doctor: 1
15:30:11.711 [main] INFO  factory.BaseClass - Doctor: 2
15:30:15.546 [main] INFO  factory.BaseClass - Doctor: 3
15:30:19.689 [main] INFO  factory.BaseClass - Doctor: 4
15:30:23.467 [main] INFO  factory.BaseClass - Doctor: 5
15:31:36.399 [main] INFO  factory.BaseClass - ****Inspecting the surgery page****
15:32:51.156 [main] INFO  factory.BaseClass - ****Inspecting the health and wellness form under for corporate section****
15:33:00.347 [main] INFO  factory.BaseClass - ****Entering the name****
15:33:00.985 [main] INFO  factory.BaseClass - ****Entering the organization name****
15:33:01.339 [main] INFO  factory.BaseClass - ****Entering the number****
