07:43:28.257 [main] INFO  factory.BaseClass - ****Selecting sort by filter****
07:43:35.921 [main] INFO  factory.BaseClass - Fetching the details of the doctors
07:43:36.071 [main] INFO  factory.BaseClass - Doctor: 1
07:43:40.081 [main] INFO  factory.BaseClass - Doctor: 2
07:43:44.337 [main] INFO  factory.BaseClass - Doctor: 3
07:43:47.850 [main] INFO  factory.BaseClass - Doctor: 4
07:43:51.247 [main] INFO  factory.BaseClass - Doctor: 5
07:44:36.709 [main] INFO  factory.BaseClass - ****Inspecting the surgery page****
07:45:16.755 [main] INFO  factory.BaseClass - ****Inspecting the health and wellness form under for corporate section****
07:45:35.584 [main] INFO  factory.BaseClass - ****Entering the name****
07:45:35.865 [main] INFO  factory.BaseClass - ****Entering the organization name****
07:45:36.191 [main] INFO  factory.BaseClass - ****Entering the number****
07:45:36.474 [main] INFO  factory.BaseClass - ****Entering the official E-Mail****
07:45:36.877 [main] INFO  factory.BaseClass - ****Selecting the organization size****
07:45:37.462 [main] INFO  factory.BaseClass - ****Selecting the Interested in section****
07:46:22.780 [main] INFO  factory.BaseClass - ****Inspecting the health and wellness form under for corporate section****
07:46:31.062 [main] INFO  factory.BaseClass - ****Entering the name****
07:46:31.249 [main] INFO  factory.BaseClass - ****Entering the organization name****
07:46:31.411 [main] INFO  factory.BaseClass - ****Entering the number****
07:46:31.578 [main] INFO  factory.BaseClass - ****Entering the official E-Mail****
07:46:31.720 [main] INFO  factory.BaseClass - ****Selecting the organization size****
07:46:32.002 [main] INFO  factory.BaseClass - ****Selecting the Interested in section****
07:47:09.505 [main] INFO  factory.BaseClass - ****Inspecting the health and wellness form under for corporate section****
07:47:17.644 [main] INFO  factory.BaseClass - ****Entering the name****
07:47:17.785 [main] INFO  factory.BaseClass - ****Entering the organization name****
07:47:17.897 [main] INFO  factory.BaseClass - ****Entering the number****
07:47:18.036 [main] INFO  factory.BaseClass - ****Entering the official E-Mail****
07:47:18.262 [main] INFO  factory.BaseClass - ****Selecting the organization size****
07:47:18.591 [main] INFO  factory.BaseClass - ****Selecting the Interested in section****
07:47:19.294 [main] INFO  factory.BaseClass - ****Submit button****
07:47:20.085 [main] INFO  factory.BaseClass - ****Validating the 'THANK YOU' message****
